2023-11-02 22:00:59.777  INFO 11828 --- [main] c.e.m.Application                        : Starting Application on sovan2001 with PID 11828 (C:\Users\sovan\Downloads\EmployeeManagement-master\EmployeeManagement-master\employee-management\target\classes started by sovan in C:\Users\sovan\Downloads\EmployeeManagement-master\EmployeeManagement-master)
2023-11-02 22:00:59.779  INFO 11828 --- [main] c.e.m.Application                        : No active profile set, falling back to default profiles: default
2023-11-02 22:00:59.848  INFO 11828 --- [main] ationConfigEmbeddedWebApplicationContext : Refreshing org.springframework.boot.context.embedded.AnnotationConfigEmbeddedWebApplicationContext@bcf243: startup date [Thu Nov 02 22:00:59 IST 2023]; root of context hierarchy
2023-11-02 22:01:00.866  INFO 11828 --- [main] trationDelegate$BeanPostProcessorChecker : Bean 'org.springframework.ws.config.annotation.DelegatingWsConfiguration' of type [class org.springframework.ws.config.annotation.DelegatingWsConfiguration$$EnhancerBySpringCGLIB$$e361c01] is not eligible for getting processed by all BeanPostProcessors (for example: not eligible for auto-proxying)
2023-11-02 22:01:00.905  INFO 11828 --- [main] .w.s.a.s.AnnotationActionEndpointMapping : Supporting [WS-Addressing August 2004, WS-Addressing 1.0]
2023-11-02 22:01:00.928  INFO 11828 --- [main] trationDelegate$BeanPostProcessorChecker : Bean 'org.springframework.transaction.annotation.ProxyTransactionManagementConfiguration' of type [class org.springframework.transaction.annotation.ProxyTransactionManagementConfiguration$$EnhancerBySpringCGLIB$$699e5702] is not eligible for getting processed by all BeanPostProcessors (for example: not eligible for auto-proxying)
2023-11-02 22:01:01.335  INFO 11828 --- [main] s.b.c.e.t.TomcatEmbeddedServletContainer : Tomcat initialized with port(s): 8080 (http)
2023-11-02 22:01:01.344  INFO 11828 --- [main] o.a.c.c.StandardService                  : Starting service Tomcat
2023-11-02 22:01:01.345  INFO 11828 --- [main] o.a.c.c.StandardEngine                   : Starting Servlet Engine: Apache Tomcat/8.5.11
2023-11-02 22:01:01.420  INFO 11828 --- [localhost-startStop-1] o.a.c.c.C.[.[.[/]                        : Initializing Spring embedded WebApplicationContext
2023-11-02 22:01:01.421  INFO 11828 --- [localhost-startStop-1] o.s.w.c.ContextLoader                    : Root WebApplicationContext: initialization completed in 1576 ms
2023-11-02 22:01:01.570  INFO 11828 --- [localhost-startStop-1] o.s.b.w.s.ServletRegistrationBean        : Mapping servlet: 'dispatcherServlet' to [/]
2023-11-02 22:01:01.573  INFO 11828 --- [localhost-startStop-1] o.s.b.w.s.ServletRegistrationBean        : Mapping servlet: 'messageDispatcherServlet' to [/services/*]
2023-11-02 22:01:01.575  INFO 11828 --- [localhost-startStop-1] o.s.b.w.s.FilterRegistrationBean         : Mapping filter: 'characterEncodingFilter' to: [/*]
2023-11-02 22:01:01.577  INFO 11828 --- [localhost-startStop-1] o.s.b.w.s.FilterRegistrationBean         : Mapping filter: 'hiddenHttpMethodFilter' to: [/*]
2023-11-02 22:01:01.577  INFO 11828 --- [localhost-startStop-1] o.s.b.w.s.FilterRegistrationBean         : Mapping filter: 'httpPutFormContentFilter' to: [/*]
2023-11-02 22:01:01.577  INFO 11828 --- [localhost-startStop-1] o.s.b.w.s.FilterRegistrationBean         : Mapping filter: 'requestContextFilter' to: [/*]
2023-11-02 22:01:01.756  INFO 11828 --- [main] j.LocalContainerEntityManagerFactoryBean : Building JPA container EntityManagerFactory for persistence unit 'default'
2023-11-02 22:01:02.321 ERROR 11828 --- [main] o.a.t.j.p.ConnectionPool                 : Unable to create initial connections of pool.

com.mysql.jdbc.exceptions.jdbc4.CommunicationsException: Communications link failure

The last packet successfully received from the server was 234 milliseconds ago.  The last packet sent successfully to the server was 229 milliseconds ago.
	at sun.reflect.NativeConstructorAccessorImpl.newInstance0(Native Method) ~[?:1.8.0_162]
	at sun.reflect.NativeConstructorAccessorImpl.newInstance(NativeConstructorAccessorImpl.java:62) ~[?:1.8.0_162]
	at sun.reflect.DelegatingConstructorAccessorImpl.newInstance(DelegatingConstructorAccessorImpl.java:45) ~[?:1.8.0_162]
	at java.lang.reflect.Constructor.newInstance(Constructor.java:423) ~[?:1.8.0_162]
	at com.mysql.jdbc.Util.handleNewInstance(Util.java:425) ~[mysql-connector-java-5.1.40.jar:5.1.40]
	at com.mysql.jdbc.SQLError.createCommunicationsException(SQLError.java:989) ~[mysql-connector-java-5.1.40.jar:5.1.40]
	at com.mysql.jdbc.ExportControlled.transformSocketToSSLSocket(ExportControlled.java:164) ~[mysql-connector-java-5.1.40.jar:5.1.40]
	at com.mysql.jdbc.MysqlIO.negotiateSSLConnection(MysqlIO.java:4898) ~[mysql-connector-java-5.1.40.jar:5.1.40]
	at com.mysql.jdbc.MysqlIO.proceedHandshakeWithPluggableAuthentication(MysqlIO.java:1659) ~[mysql-connector-java-5.1.40.jar:5.1.40]
	at com.mysql.jdbc.MysqlIO.doHandshake(MysqlIO.java:1226) ~[mysql-connector-java-5.1.40.jar:5.1.40]
	at com.mysql.jdbc.ConnectionImpl.coreConnect(ConnectionImpl.java:2253) ~[mysql-connector-java-5.1.40.jar:5.1.40]
	at com.mysql.jdbc.ConnectionImpl.connectOneTryOnly(ConnectionImpl.java:2284) ~[mysql-connector-java-5.1.40.jar:5.1.40]
	at com.mysql.jdbc.ConnectionImpl.createNewIO(ConnectionImpl.java:2083) ~[mysql-connector-java-5.1.40.jar:5.1.40]
	at com.mysql.jdbc.ConnectionImpl.<init>(ConnectionImpl.java:806) ~[mysql-connector-java-5.1.40.jar:5.1.40]
	at com.mysql.jdbc.JDBC4Connection.<init>(JDBC4Connection.java:47) ~[mysql-connector-java-5.1.40.jar:5.1.40]
	at sun.reflect.NativeConstructorAccessorImpl.newInstance0(Native Method) ~[?:1.8.0_162]
	at sun.reflect.NativeConstructorAccessorImpl.newInstance(NativeConstructorAccessorImpl.java:62) ~[?:1.8.0_162]
	at sun.reflect.DelegatingConstructorAccessorImpl.newInstance(DelegatingConstructorAccessorImpl.java:45) ~[?:1.8.0_162]
	at java.lang.reflect.Constructor.newInstance(Constructor.java:423) ~[?:1.8.0_162]
	at com.mysql.jdbc.Util.handleNewInstance(Util.java:425) ~[mysql-connector-java-5.1.40.jar:5.1.40]
	at com.mysql.jdbc.ConnectionImpl.getInstance(ConnectionImpl.java:410) ~[mysql-connector-java-5.1.40.jar:5.1.40]
	at com.mysql.jdbc.NonRegisteringDriver.connect(NonRegisteringDriver.java:328) ~[mysql-connector-java-5.1.40.jar:5.1.40]
	at org.apache.tomcat.jdbc.pool.PooledConnection.connectUsingDriver(PooledConnection.java:310) ~[tomcat-jdbc-8.5.11.jar:?]
	at org.apache.tomcat.jdbc.pool.PooledConnection.connect(PooledConnection.java:203) ~[tomcat-jdbc-8.5.11.jar:?]
	at org.apache.tomcat.jdbc.pool.ConnectionPool.createConnection(ConnectionPool.java:732) ~[tomcat-jdbc-8.5.11.jar:?]
	at org.apache.tomcat.jdbc.pool.ConnectionPool.borrowConnection(ConnectionPool.java:664) ~[tomcat-jdbc-8.5.11.jar:?]
	at org.apache.tomcat.jdbc.pool.ConnectionPool.init(ConnectionPool.java:479) [tomcat-jdbc-8.5.11.jar:?]
	at org.apache.tomcat.jdbc.pool.ConnectionPool.<init>(ConnectionPool.java:154) [tomcat-jdbc-8.5.11.jar:?]
	at org.apache.tomcat.jdbc.pool.DataSourceProxy.pCreatePool(DataSourceProxy.java:118) [tomcat-jdbc-8.5.11.jar:?]
	at org.apache.tomcat.jdbc.pool.DataSourceProxy.createPool(DataSourceProxy.java:107) [tomcat-jdbc-8.5.11.jar:?]
	at org.apache.tomcat.jdbc.pool.DataSourceProxy.getConnection(DataSourceProxy.java:131) [tomcat-jdbc-8.5.11.jar:?]
	at org.hibernate.engine.jdbc.connections.internal.DatasourceConnectionProviderImpl.getConnection(DatasourceConnectionProviderImpl.java:122) [hibernate-core-5.0.11.Final.jar:5.0.11.Final]
	at org.hibernate.engine.jdbc.env.internal.JdbcEnvironmentInitiator$ConnectionProviderJdbcConnectionAccess.obtainConnection(JdbcEnvironmentInitiator.java:180) [hibernate-core-5.0.11.Final.jar:5.0.11.Final]
	at org.hibernate.engine.jdbc.env.internal.JdbcEnvironmentInitiator.initiateService(JdbcEnvironmentInitiator.java:68) [hibernate-core-5.0.11.Final.jar:5.0.11.Final]
	at org.hibernate.engine.jdbc.env.internal.JdbcEnvironmentInitiator.initiateService(JdbcEnvironmentInitiator.java:35) [hibernate-core-5.0.11.Final.jar:5.0.11.Final]
	at org.hibernate.boot.registry.internal.StandardServiceRegistryImpl.initiateService(StandardServiceRegistryImpl.java:88) [hibernate-core-5.0.11.Final.jar:5.0.11.Final]
	at org.hibernate.service.internal.AbstractServiceRegistryImpl.createService(AbstractServiceRegistryImpl.java:254) [hibernate-core-5.0.11.Final.jar:5.0.11.Final]
	at org.hibernate.service.internal.AbstractServiceRegistryImpl.initializeService(AbstractServiceRegistryImpl.java:228) [hibernate-core-5.0.11.Final.jar:5.0.11.Final]
	at org.hibernate.service.internal.AbstractServiceRegistryImpl.getService(AbstractServiceRegistryImpl.java:207) [hibernate-core-5.0.11.Final.jar:5.0.11.Final]
	at org.hibernate.engine.jdbc.internal.JdbcServicesImpl.configure(JdbcServicesImpl.java:51) [hibernate-core-5.0.11.Final.jar:5.0.11.Final]
	at org.hibernate.boot.registry.internal.StandardServiceRegistryImpl.configureService(StandardServiceRegistryImpl.java:94) [hibernate-core-5.0.11.Final.jar:5.0.11.Final]
	at org.hibernate.service.internal.AbstractServiceRegistryImpl.initializeService(AbstractServiceRegistryImpl.java:237) [hibernate-core-5.0.11.Final.jar:5.0.11.Final]
	at org.hibernate.service.internal.AbstractServiceRegistryImpl.getService(AbstractServiceRegistryImpl.java:207) [hibernate-core-5.0.11.Final.jar:5.0.11.Final]
	at org.hibernate.boot.model.process.spi.MetadataBuildingProcess.handleTypes(MetadataBuildingProcess.java:352) [hibernate-core-5.0.11.Final.jar:5.0.11.Final]
	at org.hibernate.boot.model.process.spi.MetadataBuildingProcess.complete(MetadataBuildingProcess.java:111) [hibernate-core-5.0.11.Final.jar:5.0.11.Final]
	at org.hibernate.jpa.boot.internal.EntityManagerFactoryBuilderImpl.metadata(EntityManagerFactoryBuilderImpl.java:847) [hibernate-entitymanager-5.0.11.Final.jar:5.0.11.Final]
	at org.hibernate.jpa.boot.internal.EntityManagerFactoryBuilderImpl.build(EntityManagerFactoryBuilderImpl.java:874) [hibernate-entitymanager-5.0.11.Final.jar:5.0.11.Final]
	at org.springframework.orm.jpa.vendor.SpringHibernateJpaPersistenceProvider.createContainerEntityManagerFactory(SpringHibernateJpaPersistenceProvider.java:60) [spring-orm-4.3.6.RELEASE.jar:4.3.6.RELEASE]
	at org.springframework.orm.jpa.LocalContainerEntityManagerFactoryBean.createNativeEntityManagerFactory(LocalContainerEntityManagerFactoryBean.java:353) [spring-orm-4.3.6.RELEASE.jar:4.3.6.RELEASE]
	at org.springframework.orm.jpa.AbstractEntityManagerFactoryBean.buildNativeEntityManagerFactory(AbstractEntityManagerFactoryBean.java:373) [spring-orm-4.3.6.RELEASE.jar:4.3.6.RELEASE]
	at org.springframework.orm.jpa.AbstractEntityManagerFactoryBean.afterPropertiesSet(AbstractEntityManagerFactoryBean.java:362) [spring-orm-4.3.6.RELEASE.jar:4.3.6.RELEASE]
	at org.springframework.beans.factory.support.AbstractAutowireCapableBeanFactory.invokeInitMethods(AbstractAutowireCapableBeanFactory.java:1687) [spring-beans-4.3.6.RELEASE.jar:4.3.6.RELEASE]
	at org.springframework.beans.factory.support.AbstractAutowireCapableBeanFactory.initializeBean(AbstractAutowireCapableBeanFactory.java:1624) [spring-beans-4.3.6.RELEASE.jar:4.3.6.RELEASE]
	at org.springframework.beans.factory.support.AbstractAutowireCapableBeanFactory.doCreateBean(AbstractAutowireCapableBeanFactory.java:555) [spring-beans-4.3.6.RELEASE.jar:4.3.6.RELEASE]
	at org.springframework.beans.factory.support.AbstractAutowireCapableBeanFactory.createBean(AbstractAutowireCapableBeanFactory.java:483) [spring-beans-4.3.6.RELEASE.jar:4.3.6.RELEASE]
	at org.springframework.beans.factory.support.AbstractBeanFactory$1.getObject(AbstractBeanFactory.java:306) [spring-beans-4.3.6.RELEASE.jar:4.3.6.RELEASE]
	at org.springframework.beans.factory.support.DefaultSingletonBeanRegistry.getSingleton(DefaultSingletonBeanRegistry.java:230) [spring-beans-4.3.6.RELEASE.jar:4.3.6.RELEASE]
	at org.springframework.beans.factory.support.AbstractBeanFactory.doGetBean(AbstractBeanFactory.java:302) [spring-beans-4.3.6.RELEASE.jar:4.3.6.RELEASE]
	at org.springframework.beans.factory.support.AbstractBeanFactory.getBean(AbstractBeanFactory.java:197) [spring-beans-4.3.6.RELEASE.jar:4.3.6.RELEASE]
	at org.springframework.context.support.AbstractApplicationContext.getBean(AbstractApplicationContext.java:1081) [spring-context-4.3.6.RELEASE.jar:4.3.6.RELEASE]
	at org.springframework.context.support.AbstractApplicationContext.finishBeanFactoryInitialization(AbstractApplicationContext.java:856) [spring-context-4.3.6.RELEASE.jar:4.3.6.RELEASE]
	at org.springframework.context.support.AbstractApplicationContext.refresh(AbstractApplicationContext.java:542) [spring-context-4.3.6.RELEASE.jar:4.3.6.RELEASE]
	at org.springframework.boot.context.embedded.EmbeddedWebApplicationContext.refresh(EmbeddedWebApplicationContext.java:122) [spring-boot-1.4.4.RELEASE.jar:1.4.4.RELEASE]
	at org.springframework.boot.SpringApplication.refresh(SpringApplication.java:762) [spring-boot-1.4.4.RELEASE.jar:1.4.4.RELEASE]
	at org.springframework.boot.SpringApplication.refreshContext(SpringApplication.java:372) [spring-boot-1.4.4.RELEASE.jar:1.4.4.RELEASE]
	at org.springframework.boot.SpringApplication.run(SpringApplication.java:316) [spring-boot-1.4.4.RELEASE.jar:1.4.4.RELEASE]
	at org.springframework.boot.SpringApplication.run(SpringApplication.java:1187) [spring-boot-1.4.4.RELEASE.jar:1.4.4.RELEASE]
	at org.springframework.boot.SpringApplication.run(SpringApplication.java:1176) [spring-boot-1.4.4.RELEASE.jar:1.4.4.RELEASE]
	at com.employee.management.Application.main(Application.java:18) [classes/:?]
Caused by: javax.net.ssl.SSLException: Received fatal alert: protocol_version
	at sun.security.ssl.Alerts.getSSLException(Alerts.java:208) ~[?:1.8.0_162]
	at sun.security.ssl.Alerts.getSSLException(Alerts.java:154) ~[?:1.8.0_162]
	at sun.security.ssl.SSLSocketImpl.recvAlert(SSLSocketImpl.java:2038) ~[?:1.8.0_162]
	at sun.security.ssl.SSLSocketImpl.readRecord(SSLSocketImpl.java:1135) ~[?:1.8.0_162]
	at sun.security.ssl.SSLSocketImpl.performInitialHandshake(SSLSocketImpl.java:1385) ~[?:1.8.0_162]
	at sun.security.ssl.SSLSocketImpl.startHandshake(SSLSocketImpl.java:1413) ~[?:1.8.0_162]
	at sun.security.ssl.SSLSocketImpl.startHandshake(SSLSocketImpl.java:1397) ~[?:1.8.0_162]
	at com.mysql.jdbc.ExportControlled.transformSocketToSSLSocket(ExportControlled.java:149) ~[mysql-connector-java-5.1.40.jar:5.1.40]
	... 62 more

2023-11-02 22:01:02.688 ERROR 11828 --- [main] o.a.t.j.p.ConnectionPool                 : Unable to create initial connections of pool.

com.mysql.jdbc.exceptions.jdbc4.CommunicationsException: Communications link failure

The last packet successfully received from the server was 2 milliseconds ago.  The last packet sent successfully to the server was 1 milliseconds ago.
	at sun.reflect.NativeConstructorAccessorImpl.newInstance0(Native Method) ~[?:1.8.0_162]
	at sun.reflect.NativeConstructorAccessorImpl.newInstance(NativeConstructorAccessorImpl.java:62) ~[?:1.8.0_162]
	at sun.reflect.DelegatingConstructorAccessorImpl.newInstance(DelegatingConstructorAccessorImpl.java:45) ~[?:1.8.0_162]
	at java.lang.reflect.Constructor.newInstance(Constructor.java:423) ~[?:1.8.0_162]
	at com.mysql.jdbc.Util.handleNewInstance(Util.java:425) ~[mysql-connector-java-5.1.40.jar:5.1.40]
	at com.mysql.jdbc.SQLError.createCommunicationsException(SQLError.java:989) ~[mysql-connector-java-5.1.40.jar:5.1.40]
	at com.mysql.jdbc.ExportControlled.transformSocketToSSLSocket(ExportControlled.java:164) ~[mysql-connector-java-5.1.40.jar:5.1.40]
	at com.mysql.jdbc.MysqlIO.negotiateSSLConnection(MysqlIO.java:4898) ~[mysql-connector-java-5.1.40.jar:5.1.40]
	at com.mysql.jdbc.MysqlIO.proceedHandshakeWithPluggableAuthentication(MysqlIO.java:1659) ~[mysql-connector-java-5.1.40.jar:5.1.40]
	at com.mysql.jdbc.MysqlIO.doHandshake(MysqlIO.java:1226) ~[mysql-connector-java-5.1.40.jar:5.1.40]
	at com.mysql.jdbc.ConnectionImpl.coreConnect(ConnectionImpl.java:2253) ~[mysql-connector-java-5.1.40.jar:5.1.40]
	at com.mysql.jdbc.ConnectionImpl.connectOneTryOnly(ConnectionImpl.java:2284) ~[mysql-connector-java-5.1.40.jar:5.1.40]
	at com.mysql.jdbc.ConnectionImpl.createNewIO(ConnectionImpl.java:2083) ~[mysql-connector-java-5.1.40.jar:5.1.40]
	at com.mysql.jdbc.ConnectionImpl.<init>(ConnectionImpl.java:806) ~[mysql-connector-java-5.1.40.jar:5.1.40]
	at com.mysql.jdbc.JDBC4Connection.<init>(JDBC4Connection.java:47) ~[mysql-connector-java-5.1.40.jar:5.1.40]
	at sun.reflect.NativeConstructorAccessorImpl.newInstance0(Native Method) ~[?:1.8.0_162]
	at sun.reflect.NativeConstructorAccessorImpl.newInstance(NativeConstructorAccessorImpl.java:62) ~[?:1.8.0_162]
	at sun.reflect.DelegatingConstructorAccessorImpl.newInstance(DelegatingConstructorAccessorImpl.java:45) ~[?:1.8.0_162]
	at java.lang.reflect.Constructor.newInstance(Constructor.java:423) ~[?:1.8.0_162]
	at com.mysql.jdbc.Util.handleNewInstance(Util.java:425) ~[mysql-connector-java-5.1.40.jar:5.1.40]
	at com.mysql.jdbc.ConnectionImpl.getInstance(ConnectionImpl.java:410) ~[mysql-connector-java-5.1.40.jar:5.1.40]
	at com.mysql.jdbc.NonRegisteringDriver.connect(NonRegisteringDriver.java:328) ~[mysql-connector-java-5.1.40.jar:5.1.40]
	at org.apache.tomcat.jdbc.pool.PooledConnection.connectUsingDriver(PooledConnection.java:310) ~[tomcat-jdbc-8.5.11.jar:?]
	at org.apache.tomcat.jdbc.pool.PooledConnection.connect(PooledConnection.java:203) ~[tomcat-jdbc-8.5.11.jar:?]
	at org.apache.tomcat.jdbc.pool.ConnectionPool.createConnection(ConnectionPool.java:732) ~[tomcat-jdbc-8.5.11.jar:?]
	at org.apache.tomcat.jdbc.pool.ConnectionPool.borrowConnection(ConnectionPool.java:664) ~[tomcat-jdbc-8.5.11.jar:?]
	at org.apache.tomcat.jdbc.pool.ConnectionPool.init(ConnectionPool.java:479) [tomcat-jdbc-8.5.11.jar:?]
	at org.apache.tomcat.jdbc.pool.ConnectionPool.<init>(ConnectionPool.java:154) [tomcat-jdbc-8.5.11.jar:?]
	at org.apache.tomcat.jdbc.pool.DataSourceProxy.pCreatePool(DataSourceProxy.java:118) [tomcat-jdbc-8.5.11.jar:?]
	at org.apache.tomcat.jdbc.pool.DataSourceProxy.createPool(DataSourceProxy.java:107) [tomcat-jdbc-8.5.11.jar:?]
	at org.apache.tomcat.jdbc.pool.DataSourceProxy.getConnection(DataSourceProxy.java:131) [tomcat-jdbc-8.5.11.jar:?]
	at org.hibernate.engine.jdbc.connections.internal.DatasourceConnectionProviderImpl.getConnection(DatasourceConnectionProviderImpl.java:122) [hibernate-core-5.0.11.Final.jar:5.0.11.Final]
	at org.hibernate.engine.jdbc.env.internal.JdbcEnvironmentInitiator$ConnectionProviderJdbcConnectionAccess.obtainConnection(JdbcEnvironmentInitiator.java:180) [hibernate-core-5.0.11.Final.jar:5.0.11.Final]
	at org.hibernate.tool.schema.internal.TargetDatabaseImpl.prepare(TargetDatabaseImpl.java:38) [hibernate-core-5.0.11.Final.jar:5.0.11.Final]
	at org.hibernate.tool.schema.internal.SchemaMigratorImpl.doMigration(SchemaMigratorImpl.java:57) [hibernate-core-5.0.11.Final.jar:5.0.11.Final]
	at org.hibernate.tool.hbm2ddl.SchemaUpdate.execute(SchemaUpdate.java:134) [hibernate-core-5.0.11.Final.jar:5.0.11.Final]
	at org.hibernate.tool.hbm2ddl.SchemaUpdate.execute(SchemaUpdate.java:101) [hibernate-core-5.0.11.Final.jar:5.0.11.Final]
	at org.hibernate.internal.SessionFactoryImpl.<init>(SessionFactoryImpl.java:472) [hibernate-core-5.0.11.Final.jar:5.0.11.Final]
	at org.hibernate.boot.internal.SessionFactoryBuilderImpl.build(SessionFactoryBuilderImpl.java:444) [hibernate-core-5.0.11.Final.jar:5.0.11.Final]
	at org.hibernate.jpa.boot.internal.EntityManagerFactoryBuilderImpl.build(EntityManagerFactoryBuilderImpl.java:879) [hibernate-entitymanager-5.0.11.Final.jar:5.0.11.Final]
	at org.springframework.orm.jpa.vendor.SpringHibernateJpaPersistenceProvider.createContainerEntityManagerFactory(SpringHibernateJpaPersistenceProvider.java:60) [spring-orm-4.3.6.RELEASE.jar:4.3.6.RELEASE]
	at org.springframework.orm.jpa.LocalContainerEntityManagerFactoryBean.createNativeEntityManagerFactory(LocalContainerEntityManagerFactoryBean.java:353) [spring-orm-4.3.6.RELEASE.jar:4.3.6.RELEASE]
	at org.springframework.orm.jpa.AbstractEntityManagerFactoryBean.buildNativeEntityManagerFactory(AbstractEntityManagerFactoryBean.java:373) [spring-orm-4.3.6.RELEASE.jar:4.3.6.RELEASE]
	at org.springframework.orm.jpa.AbstractEntityManagerFactoryBean.afterPropertiesSet(AbstractEntityManagerFactoryBean.java:362) [spring-orm-4.3.6.RELEASE.jar:4.3.6.RELEASE]
	at org.springframework.beans.factory.support.AbstractAutowireCapableBeanFactory.invokeInitMethods(AbstractAutowireCapableBeanFactory.java:1687) [spring-beans-4.3.6.RELEASE.jar:4.3.6.RELEASE]
	at org.springframework.beans.factory.support.AbstractAutowireCapableBeanFactory.initializeBean(AbstractAutowireCapableBeanFactory.java:1624) [spring-beans-4.3.6.RELEASE.jar:4.3.6.RELEASE]
	at org.springframework.beans.factory.support.AbstractAutowireCapableBeanFactory.doCreateBean(AbstractAutowireCapableBeanFactory.java:555) [spring-beans-4.3.6.RELEASE.jar:4.3.6.RELEASE]
	at org.springframework.beans.factory.support.AbstractAutowireCapableBeanFactory.createBean(AbstractAutowireCapableBeanFactory.java:483) [spring-beans-4.3.6.RELEASE.jar:4.3.6.RELEASE]
	at org.springframework.beans.factory.support.AbstractBeanFactory$1.getObject(AbstractBeanFactory.java:306) [spring-beans-4.3.6.RELEASE.jar:4.3.6.RELEASE]
	at org.springframework.beans.factory.support.DefaultSingletonBeanRegistry.getSingleton(DefaultSingletonBeanRegistry.java:230) [spring-beans-4.3.6.RELEASE.jar:4.3.6.RELEASE]
	at org.springframework.beans.factory.support.AbstractBeanFactory.doGetBean(AbstractBeanFactory.java:302) [spring-beans-4.3.6.RELEASE.jar:4.3.6.RELEASE]
	at org.springframework.beans.factory.support.AbstractBeanFactory.getBean(AbstractBeanFactory.java:197) [spring-beans-4.3.6.RELEASE.jar:4.3.6.RELEASE]
	at org.springframework.context.support.AbstractApplicationContext.getBean(AbstractApplicationContext.java:1081) [spring-context-4.3.6.RELEASE.jar:4.3.6.RELEASE]
	at org.springframework.context.support.AbstractApplicationContext.finishBeanFactoryInitialization(AbstractApplicationContext.java:856) [spring-context-4.3.6.RELEASE.jar:4.3.6.RELEASE]
	at org.springframework.context.support.AbstractApplicationContext.refresh(AbstractApplicationContext.java:542) [spring-context-4.3.6.RELEASE.jar:4.3.6.RELEASE]
	at org.springframework.boot.context.embedded.EmbeddedWebApplicationContext.refresh(EmbeddedWebApplicationContext.java:122) [spring-boot-1.4.4.RELEASE.jar:1.4.4.RELEASE]
	at org.springframework.boot.SpringApplication.refresh(SpringApplication.java:762) [spring-boot-1.4.4.RELEASE.jar:1.4.4.RELEASE]
	at org.springframework.boot.SpringApplication.refreshContext(SpringApplication.java:372) [spring-boot-1.4.4.RELEASE.jar:1.4.4.RELEASE]
	at org.springframework.boot.SpringApplication.run(SpringApplication.java:316) [spring-boot-1.4.4.RELEASE.jar:1.4.4.RELEASE]
	at org.springframework.boot.SpringApplication.run(SpringApplication.java:1187) [spring-boot-1.4.4.RELEASE.jar:1.4.4.RELEASE]
	at org.springframework.boot.SpringApplication.run(SpringApplication.java:1176) [spring-boot-1.4.4.RELEASE.jar:1.4.4.RELEASE]
	at com.employee.management.Application.main(Application.java:18) [classes/:?]
Caused by: javax.net.ssl.SSLException: Received fatal alert: protocol_version
	at sun.security.ssl.Alerts.getSSLException(Alerts.java:208) ~[?:1.8.0_162]
	at sun.security.ssl.Alerts.getSSLException(Alerts.java:154) ~[?:1.8.0_162]
	at sun.security.ssl.SSLSocketImpl.recvAlert(SSLSocketImpl.java:2038) ~[?:1.8.0_162]
	at sun.security.ssl.SSLSocketImpl.readRecord(SSLSocketImpl.java:1135) ~[?:1.8.0_162]
	at sun.security.ssl.SSLSocketImpl.performInitialHandshake(SSLSocketImpl.java:1385) ~[?:1.8.0_162]
	at sun.security.ssl.SSLSocketImpl.startHandshake(SSLSocketImpl.java:1413) ~[?:1.8.0_162]
	at sun.security.ssl.SSLSocketImpl.startHandshake(SSLSocketImpl.java:1397) ~[?:1.8.0_162]
	at com.mysql.jdbc.ExportControlled.transformSocketToSSLSocket(ExportControlled.java:149) ~[mysql-connector-java-5.1.40.jar:5.1.40]
	... 55 more

2023-11-02 22:01:02.697  WARN 11828 --- [main] ationConfigEmbeddedWebApplicationContext : Exception encountered during context initialization - cancelling refresh attempt: org.springframework.beans.factory.BeanCreationException: Error creating bean with name 'entityManagerFactory' defined in class path resource [org/springframework/boot/autoconfigure/orm/jpa/HibernateJpaAutoConfiguration.class]: Invocation of init method failed; nested exception is javax.persistence.PersistenceException: [PersistenceUnit: default] Unable to build Hibernate SessionFactory
2023-11-02 22:01:02.705  INFO 11828 --- [main] utoConfigurationReportLoggingInitializer : 

Error starting ApplicationContext. To display the auto-configuration report re-run your application with 'debug' enabled.
2023-11-02 22:01:02.709 ERROR 11828 --- [main] o.s.b.SpringApplication                  : Application startup failed

org.springframework.beans.factory.BeanCreationException: Error creating bean with name 'entityManagerFactory' defined in class path resource [org/springframework/boot/autoconfigure/orm/jpa/HibernateJpaAutoConfiguration.class]: Invocation of init method failed; nested exception is javax.persistence.PersistenceException: [PersistenceUnit: default] Unable to build Hibernate SessionFactory
	at org.springframework.beans.factory.support.AbstractAutowireCapableBeanFactory.initializeBean(AbstractAutowireCapableBeanFactory.java:1628) ~[spring-beans-4.3.6.RELEASE.jar:4.3.6.RELEASE]
	at org.springframework.beans.factory.support.AbstractAutowireCapableBeanFactory.doCreateBean(AbstractAutowireCapableBeanFactory.java:555) ~[spring-beans-4.3.6.RELEASE.jar:4.3.6.RELEASE]
	at org.springframework.beans.factory.support.AbstractAutowireCapableBeanFactory.createBean(AbstractAutowireCapableBeanFactory.java:483) ~[spring-beans-4.3.6.RELEASE.jar:4.3.6.RELEASE]
	at org.springframework.beans.factory.support.AbstractBeanFactory$1.getObject(AbstractBeanFactory.java:306) ~[spring-beans-4.3.6.RELEASE.jar:4.3.6.RELEASE]
	at org.springframework.beans.factory.support.DefaultSingletonBeanRegistry.getSingleton(DefaultSingletonBeanRegistry.java:230) ~[spring-beans-4.3.6.RELEASE.jar:4.3.6.RELEASE]
	at org.springframework.beans.factory.support.AbstractBeanFactory.doGetBean(AbstractBeanFactory.java:302) ~[spring-beans-4.3.6.RELEASE.jar:4.3.6.RELEASE]
	at org.springframework.beans.factory.support.AbstractBeanFactory.getBean(AbstractBeanFactory.java:197) ~[spring-beans-4.3.6.RELEASE.jar:4.3.6.RELEASE]
	at org.springframework.context.support.AbstractApplicationContext.getBean(AbstractApplicationContext.java:1081) ~[spring-context-4.3.6.RELEASE.jar:4.3.6.RELEASE]
	at org.springframework.context.support.AbstractApplicationContext.finishBeanFactoryInitialization(AbstractApplicationContext.java:856) ~[spring-context-4.3.6.RELEASE.jar:4.3.6.RELEASE]
	at org.springframework.context.support.AbstractApplicationContext.refresh(AbstractApplicationContext.java:542) ~[spring-context-4.3.6.RELEASE.jar:4.3.6.RELEASE]
	at org.springframework.boot.context.embedded.EmbeddedWebApplicationContext.refresh(EmbeddedWebApplicationContext.java:122) ~[spring-boot-1.4.4.RELEASE.jar:1.4.4.RELEASE]
	at org.springframework.boot.SpringApplication.refresh(SpringApplication.java:762) [spring-boot-1.4.4.RELEASE.jar:1.4.4.RELEASE]
	at org.springframework.boot.SpringApplication.refreshContext(SpringApplication.java:372) [spring-boot-1.4.4.RELEASE.jar:1.4.4.RELEASE]
	at org.springframework.boot.SpringApplication.run(SpringApplication.java:316) [spring-boot-1.4.4.RELEASE.jar:1.4.4.RELEASE]
	at org.springframework.boot.SpringApplication.run(SpringApplication.java:1187) [spring-boot-1.4.4.RELEASE.jar:1.4.4.RELEASE]
	at org.springframework.boot.SpringApplication.run(SpringApplication.java:1176) [spring-boot-1.4.4.RELEASE.jar:1.4.4.RELEASE]
	at com.employee.management.Application.main(Application.java:18) [classes/:?]
Caused by: javax.persistence.PersistenceException: [PersistenceUnit: default] Unable to build Hibernate SessionFactory
	at org.hibernate.jpa.boot.internal.EntityManagerFactoryBuilderImpl.persistenceException(EntityManagerFactoryBuilderImpl.java:954) ~[hibernate-entitymanager-5.0.11.Final.jar:5.0.11.Final]
	at org.hibernate.jpa.boot.internal.EntityManagerFactoryBuilderImpl.build(EntityManagerFactoryBuilderImpl.java:882) ~[hibernate-entitymanager-5.0.11.Final.jar:5.0.11.Final]
	at org.springframework.orm.jpa.vendor.SpringHibernateJpaPersistenceProvider.createContainerEntityManagerFactory(SpringHibernateJpaPersistenceProvider.java:60) ~[spring-orm-4.3.6.RELEASE.jar:4.3.6.RELEASE]
	at org.springframework.orm.jpa.LocalContainerEntityManagerFactoryBean.createNativeEntityManagerFactory(LocalContainerEntityManagerFactoryBean.java:353) ~[spring-orm-4.3.6.RELEASE.jar:4.3.6.RELEASE]
	at org.springframework.orm.jpa.AbstractEntityManagerFactoryBean.buildNativeEntityManagerFactory(AbstractEntityManagerFactoryBean.java:373) ~[spring-orm-4.3.6.RELEASE.jar:4.3.6.RELEASE]
	at org.springframework.orm.jpa.AbstractEntityManagerFactoryBean.afterPropertiesSet(AbstractEntityManagerFactoryBean.java:362) ~[spring-orm-4.3.6.RELEASE.jar:4.3.6.RELEASE]
	at org.springframework.beans.factory.support.AbstractAutowireCapableBeanFactory.invokeInitMethods(AbstractAutowireCapableBeanFactory.java:1687) ~[spring-beans-4.3.6.RELEASE.jar:4.3.6.RELEASE]
	at org.springframework.beans.factory.support.AbstractAutowireCapableBeanFactory.initializeBean(AbstractAutowireCapableBeanFactory.java:1624) ~[spring-beans-4.3.6.RELEASE.jar:4.3.6.RELEASE]
	... 16 more
Caused by: org.hibernate.tool.schema.spi.SchemaManagementException: Unable to open JDBC connection for schema management target
	at org.hibernate.tool.schema.internal.TargetDatabaseImpl.prepare(TargetDatabaseImpl.java:42) ~[hibernate-core-5.0.11.Final.jar:5.0.11.Final]
	at org.hibernate.tool.schema.internal.SchemaMigratorImpl.doMigration(SchemaMigratorImpl.java:57) ~[hibernate-core-5.0.11.Final.jar:5.0.11.Final]
	at org.hibernate.tool.hbm2ddl.SchemaUpdate.execute(SchemaUpdate.java:134) ~[hibernate-core-5.0.11.Final.jar:5.0.11.Final]
	at org.hibernate.tool.hbm2ddl.SchemaUpdate.execute(SchemaUpdate.java:101) ~[hibernate-core-5.0.11.Final.jar:5.0.11.Final]
	at org.hibernate.internal.SessionFactoryImpl.<init>(SessionFactoryImpl.java:472) ~[hibernate-core-5.0.11.Final.jar:5.0.11.Final]
	at org.hibernate.boot.internal.SessionFactoryBuilderImpl.build(SessionFactoryBuilderImpl.java:444) ~[hibernate-core-5.0.11.Final.jar:5.0.11.Final]
	at org.hibernate.jpa.boot.internal.EntityManagerFactoryBuilderImpl.build(EntityManagerFactoryBuilderImpl.java:879) ~[hibernate-entitymanager-5.0.11.Final.jar:5.0.11.Final]
	at org.springframework.orm.jpa.vendor.SpringHibernateJpaPersistenceProvider.createContainerEntityManagerFactory(SpringHibernateJpaPersistenceProvider.java:60) ~[spring-orm-4.3.6.RELEASE.jar:4.3.6.RELEASE]
	at org.springframework.orm.jpa.LocalContainerEntityManagerFactoryBean.createNativeEntityManagerFactory(LocalContainerEntityManagerFactoryBean.java:353) ~[spring-orm-4.3.6.RELEASE.jar:4.3.6.RELEASE]
	at org.springframework.orm.jpa.AbstractEntityManagerFactoryBean.buildNativeEntityManagerFactory(AbstractEntityManagerFactoryBean.java:373) ~[spring-orm-4.3.6.RELEASE.jar:4.3.6.RELEASE]
	at org.springframework.orm.jpa.AbstractEntityManagerFactoryBean.afterPropertiesSet(AbstractEntityManagerFactoryBean.java:362) ~[spring-orm-4.3.6.RELEASE.jar:4.3.6.RELEASE]
	at org.springframework.beans.factory.support.AbstractAutowireCapableBeanFactory.invokeInitMethods(AbstractAutowireCapableBeanFactory.java:1687) ~[spring-beans-4.3.6.RELEASE.jar:4.3.6.RELEASE]
	at org.springframework.beans.factory.support.AbstractAutowireCapableBeanFactory.initializeBean(AbstractAutowireCapableBeanFactory.java:1624) ~[spring-beans-4.3.6.RELEASE.jar:4.3.6.RELEASE]
	... 16 more
Caused by: com.mysql.jdbc.exceptions.jdbc4.CommunicationsException: Communications link failure

The last packet successfully received from the server was 2 milliseconds ago.  The last packet sent successfully to the server was 1 milliseconds ago.
	at sun.reflect.NativeConstructorAccessorImpl.newInstance0(Native Method) ~[?:1.8.0_162]
	at sun.reflect.NativeConstructorAccessorImpl.newInstance(NativeConstructorAccessorImpl.java:62) ~[?:1.8.0_162]
	at sun.reflect.DelegatingConstructorAccessorImpl.newInstance(DelegatingConstructorAccessorImpl.java:45) ~[?:1.8.0_162]
	at java.lang.reflect.Constructor.newInstance(Constructor.java:423) ~[?:1.8.0_162]
	at com.mysql.jdbc.Util.handleNewInstance(Util.java:425) ~[mysql-connector-java-5.1.40.jar:5.1.40]
	at com.mysql.jdbc.SQLError.createCommunicationsException(SQLError.java:989) ~[mysql-connector-java-5.1.40.jar:5.1.40]
	at com.mysql.jdbc.ExportControlled.transformSocketToSSLSocket(ExportControlled.java:164) ~[mysql-connector-java-5.1.40.jar:5.1.40]
	at com.mysql.jdbc.MysqlIO.negotiateSSLConnection(MysqlIO.java:4898) ~[mysql-connector-java-5.1.40.jar:5.1.40]
	at com.mysql.jdbc.MysqlIO.proceedHandshakeWithPluggableAuthentication(MysqlIO.java:1659) ~[mysql-connector-java-5.1.40.jar:5.1.40]
	at com.mysql.jdbc.MysqlIO.doHandshake(MysqlIO.java:1226) ~[mysql-connector-java-5.1.40.jar:5.1.40]
	at com.mysql.jdbc.ConnectionImpl.coreConnect(ConnectionImpl.java:2253) ~[mysql-connector-java-5.1.40.jar:5.1.40]
	at com.mysql.jdbc.ConnectionImpl.connectOneTryOnly(ConnectionImpl.java:2284) ~[mysql-connector-java-5.1.40.jar:5.1.40]
	at com.mysql.jdbc.ConnectionImpl.createNewIO(ConnectionImpl.java:2083) ~[mysql-connector-java-5.1.40.jar:5.1.40]
	at com.mysql.jdbc.ConnectionImpl.<init>(ConnectionImpl.java:806) ~[mysql-connector-java-5.1.40.jar:5.1.40]
	at com.mysql.jdbc.JDBC4Connection.<init>(JDBC4Connection.java:47) ~[mysql-connector-java-5.1.40.jar:5.1.40]
	at sun.reflect.NativeConstructorAccessorImpl.newInstance0(Native Method) ~[?:1.8.0_162]
	at sun.reflect.NativeConstructorAccessorImpl.newInstance(NativeConstructorAccessorImpl.java:62) ~[?:1.8.0_162]
	at sun.reflect.DelegatingConstructorAccessorImpl.newInstance(DelegatingConstructorAccessorImpl.java:45) ~[?:1.8.0_162]
	at java.lang.reflect.Constructor.newInstance(Constructor.java:423) ~[?:1.8.0_162]
	at com.mysql.jdbc.Util.handleNewInstance(Util.java:425) ~[mysql-connector-java-5.1.40.jar:5.1.40]
	at com.mysql.jdbc.ConnectionImpl.getInstance(ConnectionImpl.java:410) ~[mysql-connector-java-5.1.40.jar:5.1.40]
	at com.mysql.jdbc.NonRegisteringDriver.connect(NonRegisteringDriver.java:328) ~[mysql-connector-java-5.1.40.jar:5.1.40]
	at org.apache.tomcat.jdbc.pool.PooledConnection.connectUsingDriver(PooledConnection.java:310) ~[tomcat-jdbc-8.5.11.jar:?]
	at org.apache.tomcat.jdbc.pool.PooledConnection.connect(PooledConnection.java:203) ~[tomcat-jdbc-8.5.11.jar:?]
	at org.apache.tomcat.jdbc.pool.ConnectionPool.createConnection(ConnectionPool.java:732) ~[tomcat-jdbc-8.5.11.jar:?]
	at org.apache.tomcat.jdbc.pool.ConnectionPool.borrowConnection(ConnectionPool.java:664) ~[tomcat-jdbc-8.5.11.jar:?]
	at org.apache.tomcat.jdbc.pool.ConnectionPool.init(ConnectionPool.java:479) ~[tomcat-jdbc-8.5.11.jar:?]
	at org.apache.tomcat.jdbc.pool.ConnectionPool.<init>(ConnectionPool.java:154) ~[tomcat-jdbc-8.5.11.jar:?]
	at org.apache.tomcat.jdbc.pool.DataSourceProxy.pCreatePool(DataSourceProxy.java:118) ~[tomcat-jdbc-8.5.11.jar:?]
	at org.apache.tomcat.jdbc.pool.DataSourceProxy.createPool(DataSourceProxy.java:107) ~[tomcat-jdbc-8.5.11.jar:?]
	at org.apache.tomcat.jdbc.pool.DataSourceProxy.getConnection(DataSourceProxy.java:131) ~[tomcat-jdbc-8.5.11.jar:?]
	at org.hibernate.engine.jdbc.connections.internal.DatasourceConnectionProviderImpl.getConnection(DatasourceConnectionProviderImpl.java:122) ~[hibernate-core-5.0.11.Final.jar:5.0.11.Final]
	at org.hibernate.engine.jdbc.env.internal.JdbcEnvironmentInitiator$ConnectionProviderJdbcConnectionAccess.obtainConnection(JdbcEnvironmentInitiator.java:180) ~[hibernate-core-5.0.11.Final.jar:5.0.11.Final]
	at org.hibernate.tool.schema.internal.TargetDatabaseImpl.prepare(TargetDatabaseImpl.java:38) ~[hibernate-core-5.0.11.Final.jar:5.0.11.Final]
	at org.hibernate.tool.schema.internal.SchemaMigratorImpl.doMigration(SchemaMigratorImpl.java:57) ~[hibernate-core-5.0.11.Final.jar:5.0.11.Final]
	at org.hibernate.tool.hbm2ddl.SchemaUpdate.execute(SchemaUpdate.java:134) ~[hibernate-core-5.0.11.Final.jar:5.0.11.Final]
	at org.hibernate.tool.hbm2ddl.SchemaUpdate.execute(SchemaUpdate.java:101) ~[hibernate-core-5.0.11.Final.jar:5.0.11.Final]
	at org.hibernate.internal.SessionFactoryImpl.<init>(SessionFactoryImpl.java:472) ~[hibernate-core-5.0.11.Final.jar:5.0.11.Final]
	at org.hibernate.boot.internal.SessionFactoryBuilderImpl.build(SessionFactoryBuilderImpl.java:444) ~[hibernate-core-5.0.11.Final.jar:5.0.11.Final]
	at org.hibernate.jpa.boot.internal.EntityManagerFactoryBuilderImpl.build(EntityManagerFactoryBuilderImpl.java:879) ~[hibernate-entitymanager-5.0.11.Final.jar:5.0.11.Final]
	at org.springframework.orm.jpa.vendor.SpringHibernateJpaPersistenceProvider.createContainerEntityManagerFactory(SpringHibernateJpaPersistenceProvider.java:60) ~[spring-orm-4.3.6.RELEASE.jar:4.3.6.RELEASE]
	at org.springframework.orm.jpa.LocalContainerEntityManagerFactoryBean.createNativeEntityManagerFactory(LocalContainerEntityManagerFactoryBean.java:353) ~[spring-orm-4.3.6.RELEASE.jar:4.3.6.RELEASE]
	at org.springframework.orm.jpa.AbstractEntityManagerFactoryBean.buildNativeEntityManagerFactory(AbstractEntityManagerFactoryBean.java:373) ~[spring-orm-4.3.6.RELEASE.jar:4.3.6.RELEASE]
	at org.springframework.orm.jpa.AbstractEntityManagerFactoryBean.afterPropertiesSet(AbstractEntityManagerFactoryBean.java:362) ~[spring-orm-4.3.6.RELEASE.jar:4.3.6.RELEASE]
	at org.springframework.beans.factory.support.AbstractAutowireCapableBeanFactory.invokeInitMethods(AbstractAutowireCapableBeanFactory.java:1687) ~[spring-beans-4.3.6.RELEASE.jar:4.3.6.RELEASE]
	at org.springframework.beans.factory.support.AbstractAutowireCapableBeanFactory.initializeBean(AbstractAutowireCapableBeanFactory.java:1624) ~[spring-beans-4.3.6.RELEASE.jar:4.3.6.RELEASE]
	... 16 more
Caused by: javax.net.ssl.SSLException: Received fatal alert: protocol_version
	at sun.security.ssl.Alerts.getSSLException(Alerts.java:208) ~[?:1.8.0_162]
	at sun.security.ssl.Alerts.getSSLException(Alerts.java:154) ~[?:1.8.0_162]
	at sun.security.ssl.SSLSocketImpl.recvAlert(SSLSocketImpl.java:2038) ~[?:1.8.0_162]
	at sun.security.ssl.SSLSocketImpl.readRecord(SSLSocketImpl.java:1135) ~[?:1.8.0_162]
	at sun.security.ssl.SSLSocketImpl.performInitialHandshake(SSLSocketImpl.java:1385) ~[?:1.8.0_162]
	at sun.security.ssl.SSLSocketImpl.startHandshake(SSLSocketImpl.java:1413) ~[?:1.8.0_162]
	at sun.security.ssl.SSLSocketImpl.startHandshake(SSLSocketImpl.java:1397) ~[?:1.8.0_162]
	at com.mysql.jdbc.ExportControlled.transformSocketToSSLSocket(ExportControlled.java:149) ~[mysql-connector-java-5.1.40.jar:5.1.40]
	at com.mysql.jdbc.MysqlIO.negotiateSSLConnection(MysqlIO.java:4898) ~[mysql-connector-java-5.1.40.jar:5.1.40]
	at com.mysql.jdbc.MysqlIO.proceedHandshakeWithPluggableAuthentication(MysqlIO.java:1659) ~[mysql-connector-java-5.1.40.jar:5.1.40]
	at com.mysql.jdbc.MysqlIO.doHandshake(MysqlIO.java:1226) ~[mysql-connector-java-5.1.40.jar:5.1.40]
	at com.mysql.jdbc.ConnectionImpl.coreConnect(ConnectionImpl.java:2253) ~[mysql-connector-java-5.1.40.jar:5.1.40]
	at com.mysql.jdbc.ConnectionImpl.connectOneTryOnly(ConnectionImpl.java:2284) ~[mysql-connector-java-5.1.40.jar:5.1.40]
	at com.mysql.jdbc.ConnectionImpl.createNewIO(ConnectionImpl.java:2083) ~[mysql-connector-java-5.1.40.jar:5.1.40]
	at com.mysql.jdbc.ConnectionImpl.<init>(ConnectionImpl.java:806) ~[mysql-connector-java-5.1.40.jar:5.1.40]
	at com.mysql.jdbc.JDBC4Connection.<init>(JDBC4Connection.java:47) ~[mysql-connector-java-5.1.40.jar:5.1.40]
	at sun.reflect.NativeConstructorAccessorImpl.newInstance0(Native Method) ~[?:1.8.0_162]
	at sun.reflect.NativeConstructorAccessorImpl.newInstance(NativeConstructorAccessorImpl.java:62) ~[?:1.8.0_162]
	at sun.reflect.DelegatingConstructorAccessorImpl.newInstance(DelegatingConstructorAccessorImpl.java:45) ~[?:1.8.0_162]
	at java.lang.reflect.Constructor.newInstance(Constructor.java:423) ~[?:1.8.0_162]
	at com.mysql.jdbc.Util.handleNewInstance(Util.java:425) ~[mysql-connector-java-5.1.40.jar:5.1.40]
	at com.mysql.jdbc.ConnectionImpl.getInstance(ConnectionImpl.java:410) ~[mysql-connector-java-5.1.40.jar:5.1.40]
	at com.mysql.jdbc.NonRegisteringDriver.connect(NonRegisteringDriver.java:328) ~[mysql-connector-java-5.1.40.jar:5.1.40]
	at org.apache.tomcat.jdbc.pool.PooledConnection.connectUsingDriver(PooledConnection.java:310) ~[tomcat-jdbc-8.5.11.jar:?]
	at org.apache.tomcat.jdbc.pool.PooledConnection.connect(PooledConnection.java:203) ~[tomcat-jdbc-8.5.11.jar:?]
	at org.apache.tomcat.jdbc.pool.ConnectionPool.createConnection(ConnectionPool.java:732) ~[tomcat-jdbc-8.5.11.jar:?]
	at org.apache.tomcat.jdbc.pool.ConnectionPool.borrowConnection(ConnectionPool.java:664) ~[tomcat-jdbc-8.5.11.jar:?]
	at org.apache.tomcat.jdbc.pool.ConnectionPool.init(ConnectionPool.java:479) ~[tomcat-jdbc-8.5.11.jar:?]
	at org.apache.tomcat.jdbc.pool.ConnectionPool.<init>(ConnectionPool.java:154) ~[tomcat-jdbc-8.5.11.jar:?]
	at org.apache.tomcat.jdbc.pool.DataSourceProxy.pCreatePool(DataSourceProxy.java:118) ~[tomcat-jdbc-8.5.11.jar:?]
	at org.apache.tomcat.jdbc.pool.DataSourceProxy.createPool(DataSourceProxy.java:107) ~[tomcat-jdbc-8.5.11.jar:?]
	at org.apache.tomcat.jdbc.pool.DataSourceProxy.getConnection(DataSourceProxy.java:131) ~[tomcat-jdbc-8.5.11.jar:?]
	at org.hibernate.engine.jdbc.connections.internal.DatasourceConnectionProviderImpl.getConnection(DatasourceConnectionProviderImpl.java:122) ~[hibernate-core-5.0.11.Final.jar:5.0.11.Final]
	at org.hibernate.engine.jdbc.env.internal.JdbcEnvironmentInitiator$ConnectionProviderJdbcConnectionAccess.obtainConnection(JdbcEnvironmentInitiator.java:180) ~[hibernate-core-5.0.11.Final.jar:5.0.11.Final]
	at org.hibernate.tool.schema.internal.TargetDatabaseImpl.prepare(TargetDatabaseImpl.java:38) ~[hibernate-core-5.0.11.Final.jar:5.0.11.Final]
	at org.hibernate.tool.schema.internal.SchemaMigratorImpl.doMigration(SchemaMigratorImpl.java:57) ~[hibernate-core-5.0.11.Final.jar:5.0.11.Final]
	at org.hibernate.tool.hbm2ddl.SchemaUpdate.execute(SchemaUpdate.java:134) ~[hibernate-core-5.0.11.Final.jar:5.0.11.Final]
	at org.hibernate.tool.hbm2ddl.SchemaUpdate.execute(SchemaUpdate.java:101) ~[hibernate-core-5.0.11.Final.jar:5.0.11.Final]
	at org.hibernate.internal.SessionFactoryImpl.<init>(SessionFactoryImpl.java:472) ~[hibernate-core-5.0.11.Final.jar:5.0.11.Final]
	at org.hibernate.boot.internal.SessionFactoryBuilderImpl.build(SessionFactoryBuilderImpl.java:444) ~[hibernate-core-5.0.11.Final.jar:5.0.11.Final]
	at org.hibernate.jpa.boot.internal.EntityManagerFactoryBuilderImpl.build(EntityManagerFactoryBuilderImpl.java:879) ~[hibernate-entitymanager-5.0.11.Final.jar:5.0.11.Final]
	at org.springframework.orm.jpa.vendor.SpringHibernateJpaPersistenceProvider.createContainerEntityManagerFactory(SpringHibernateJpaPersistenceProvider.java:60) ~[spring-orm-4.3.6.RELEASE.jar:4.3.6.RELEASE]
	at org.springframework.orm.jpa.LocalContainerEntityManagerFactoryBean.createNativeEntityManagerFactory(LocalContainerEntityManagerFactoryBean.java:353) ~[spring-orm-4.3.6.RELEASE.jar:4.3.6.RELEASE]
	at org.springframework.orm.jpa.AbstractEntityManagerFactoryBean.buildNativeEntityManagerFactory(AbstractEntityManagerFactoryBean.java:373) ~[spring-orm-4.3.6.RELEASE.jar:4.3.6.RELEASE]
	at org.springframework.orm.jpa.AbstractEntityManagerFactoryBean.afterPropertiesSet(AbstractEntityManagerFactoryBean.java:362) ~[spring-orm-4.3.6.RELEASE.jar:4.3.6.RELEASE]
	at org.springframework.beans.factory.support.AbstractAutowireCapableBeanFactory.invokeInitMethods(AbstractAutowireCapableBeanFactory.java:1687) ~[spring-beans-4.3.6.RELEASE.jar:4.3.6.RELEASE]
	at org.springframework.beans.factory.support.AbstractAutowireCapableBeanFactory.initializeBean(AbstractAutowireCapableBeanFactory.java:1624) ~[spring-beans-4.3.6.RELEASE.jar:4.3.6.RELEASE]
	... 16 more

